0 info it worked if it ends with ok
1 verbose cli [ 'node', '/usr/local/bin/npm', 'publish' ]
2 info using npm@1.4.3
3 info using node@v0.10.26
4 verbose publish [ '.' ]
5 verbose cache add [ '.', null ]
6 verbose cache add name=undefined spec="." args=[".",null]
7 verbose parsed url { protocol: null,
7 verbose parsed url   slashes: null,
7 verbose parsed url   auth: null,
7 verbose parsed url   host: null,
7 verbose parsed url   port: null,
7 verbose parsed url   hostname: null,
7 verbose parsed url   hash: null,
7 verbose parsed url   search: null,
7 verbose parsed url   query: null,
7 verbose parsed url   pathname: '.',
7 verbose parsed url   path: '.',
7 verbose parsed url   href: '.' }
8 silly lockFile 3a52ce78- .
9 verbose lock . /Users/chris/.npm/3a52ce78-.lock
10 verbose tar pack [ '/var/folders/vn/12wzc5qd73168xf26hr_0kqm0000gn/T/npm-45282--BCRRbjd/1417046843595-0.9805938885547221/tmp.tgz',
10 verbose tar pack   '.' ]
11 verbose tarball /var/folders/vn/12wzc5qd73168xf26hr_0kqm0000gn/T/npm-45282--BCRRbjd/1417046843595-0.9805938885547221/tmp.tgz
12 verbose folder .
13 info prepublish customerio@0.0.1
14 silly lockFile 1f1177db-tar tar://.
15 verbose lock tar://. /Users/chris/.npm/1f1177db-tar.lock
16 silly lockFile 5e8e2599-43595-0-9805938885547221-tmp-tgz tar:///var/folders/vn/12wzc5qd73168xf26hr_0kqm0000gn/T/npm-45282--BCRRbjd/1417046843595-0.9805938885547221/tmp.tgz
17 verbose lock tar:///var/folders/vn/12wzc5qd73168xf26hr_0kqm0000gn/T/npm-45282--BCRRbjd/1417046843595-0.9805938885547221/tmp.tgz /Users/chris/.npm/5e8e2599-43595-0-9805938885547221-tmp-tgz.lock
18 silly lockFile 1f1177db-tar tar://.
19 silly lockFile 1f1177db-tar tar://.
20 silly lockFile 5e8e2599-43595-0-9805938885547221-tmp-tgz tar:///var/folders/vn/12wzc5qd73168xf26hr_0kqm0000gn/T/npm-45282--BCRRbjd/1417046843595-0.9805938885547221/tmp.tgz
21 silly lockFile 5e8e2599-43595-0-9805938885547221-tmp-tgz tar:///var/folders/vn/12wzc5qd73168xf26hr_0kqm0000gn/T/npm-45282--BCRRbjd/1417046843595-0.9805938885547221/tmp.tgz
22 verbose tar unpack /var/folders/vn/12wzc5qd73168xf26hr_0kqm0000gn/T/npm-45282--BCRRbjd/1417046843595-0.9805938885547221/tmp.tgz
23 silly lockFile f32f91a7-43595-0-9805938885547221-package tar:///var/folders/vn/12wzc5qd73168xf26hr_0kqm0000gn/T/npm-45282--BCRRbjd/1417046843595-0.9805938885547221/package
24 verbose lock tar:///var/folders/vn/12wzc5qd73168xf26hr_0kqm0000gn/T/npm-45282--BCRRbjd/1417046843595-0.9805938885547221/package /Users/chris/.npm/f32f91a7-43595-0-9805938885547221-package.lock
25 silly lockFile 5e8e2599-43595-0-9805938885547221-tmp-tgz tar:///var/folders/vn/12wzc5qd73168xf26hr_0kqm0000gn/T/npm-45282--BCRRbjd/1417046843595-0.9805938885547221/tmp.tgz
26 verbose lock tar:///var/folders/vn/12wzc5qd73168xf26hr_0kqm0000gn/T/npm-45282--BCRRbjd/1417046843595-0.9805938885547221/tmp.tgz /Users/chris/.npm/5e8e2599-43595-0-9805938885547221-tmp-tgz.lock
27 silly gunzTarPerm modes [ '755', '644' ]
28 silly gunzTarPerm extractEntry package.json
29 silly gunzTarPerm extractEntry .npmignore
30 silly gunzTarPerm modified mode [ '.npmignore', 436, 420 ]
31 silly gunzTarPerm extractEntry README.md
32 silly gunzTarPerm modified mode [ 'README.md', 436, 420 ]
33 silly gunzTarPerm extractEntry LICENCE
34 silly gunzTarPerm modified mode [ 'LICENCE', 436, 420 ]
35 silly gunzTarPerm extractEntry index.js
36 silly gunzTarPerm modified mode [ 'index.js', 436, 420 ]
37 silly gunzTarPerm extractEntry lib/customerio.js
38 silly gunzTarPerm modified mode [ 'lib/customerio.js', 436, 420 ]
39 silly gunzTarPerm extractEntry lib/unix_date.js
40 silly gunzTarPerm modified mode [ 'lib/unix_date.js', 436, 420 ]
41 silly lockFile f32f91a7-43595-0-9805938885547221-package tar:///var/folders/vn/12wzc5qd73168xf26hr_0kqm0000gn/T/npm-45282--BCRRbjd/1417046843595-0.9805938885547221/package
42 silly lockFile f32f91a7-43595-0-9805938885547221-package tar:///var/folders/vn/12wzc5qd73168xf26hr_0kqm0000gn/T/npm-45282--BCRRbjd/1417046843595-0.9805938885547221/package
43 silly lockFile 5e8e2599-43595-0-9805938885547221-tmp-tgz tar:///var/folders/vn/12wzc5qd73168xf26hr_0kqm0000gn/T/npm-45282--BCRRbjd/1417046843595-0.9805938885547221/tmp.tgz
44 silly lockFile 5e8e2599-43595-0-9805938885547221-tmp-tgz tar:///var/folders/vn/12wzc5qd73168xf26hr_0kqm0000gn/T/npm-45282--BCRRbjd/1417046843595-0.9805938885547221/tmp.tgz
45 verbose tar pack [ '/Users/chris/.npm/customerio/0.0.1/package.tgz',
45 verbose tar pack   '/var/folders/vn/12wzc5qd73168xf26hr_0kqm0000gn/T/npm-45282--BCRRbjd/1417046843595-0.9805938885547221/package' ]
46 verbose tarball /Users/chris/.npm/customerio/0.0.1/package.tgz
47 verbose folder /var/folders/vn/12wzc5qd73168xf26hr_0kqm0000gn/T/npm-45282--BCRRbjd/1417046843595-0.9805938885547221/package
48 silly lockFile f32f91a7-43595-0-9805938885547221-package tar:///var/folders/vn/12wzc5qd73168xf26hr_0kqm0000gn/T/npm-45282--BCRRbjd/1417046843595-0.9805938885547221/package
49 verbose lock tar:///var/folders/vn/12wzc5qd73168xf26hr_0kqm0000gn/T/npm-45282--BCRRbjd/1417046843595-0.9805938885547221/package /Users/chris/.npm/f32f91a7-43595-0-9805938885547221-package.lock
50 silly lockFile 4da91fbe-npm-customerio-0-0-1-package-tgz tar:///Users/chris/.npm/customerio/0.0.1/package.tgz
51 verbose lock tar:///Users/chris/.npm/customerio/0.0.1/package.tgz /Users/chris/.npm/4da91fbe-npm-customerio-0-0-1-package-tgz.lock
52 silly lockFile f32f91a7-43595-0-9805938885547221-package tar:///var/folders/vn/12wzc5qd73168xf26hr_0kqm0000gn/T/npm-45282--BCRRbjd/1417046843595-0.9805938885547221/package
53 silly lockFile f32f91a7-43595-0-9805938885547221-package tar:///var/folders/vn/12wzc5qd73168xf26hr_0kqm0000gn/T/npm-45282--BCRRbjd/1417046843595-0.9805938885547221/package
54 silly lockFile 4da91fbe-npm-customerio-0-0-1-package-tgz tar:///Users/chris/.npm/customerio/0.0.1/package.tgz
55 silly lockFile 4da91fbe-npm-customerio-0-0-1-package-tgz tar:///Users/chris/.npm/customerio/0.0.1/package.tgz
56 silly lockFile 4f1b1902-ris-npm-customerio-0-0-1-package /Users/chris/.npm/customerio/0.0.1/package
57 verbose lock /Users/chris/.npm/customerio/0.0.1/package /Users/chris/.npm/4f1b1902-ris-npm-customerio-0-0-1-package.lock
58 silly lockFile 4f1b1902-ris-npm-customerio-0-0-1-package /Users/chris/.npm/customerio/0.0.1/package
59 silly lockFile 4f1b1902-ris-npm-customerio-0-0-1-package /Users/chris/.npm/customerio/0.0.1/package
60 verbose tar unpack /Users/chris/.npm/customerio/0.0.1/package.tgz
61 silly lockFile 0f60821b-ris-npm-customerio-0-0-1-package tar:///Users/chris/.npm/customerio/0.0.1/package
62 verbose lock tar:///Users/chris/.npm/customerio/0.0.1/package /Users/chris/.npm/0f60821b-ris-npm-customerio-0-0-1-package.lock
63 silly lockFile 4da91fbe-npm-customerio-0-0-1-package-tgz tar:///Users/chris/.npm/customerio/0.0.1/package.tgz
64 verbose lock tar:///Users/chris/.npm/customerio/0.0.1/package.tgz /Users/chris/.npm/4da91fbe-npm-customerio-0-0-1-package-tgz.lock
65 silly gunzTarPerm modes [ '755', '644' ]
66 silly gunzTarPerm extractEntry package.json
67 silly gunzTarPerm extractEntry .npmignore
68 silly gunzTarPerm extractEntry README.md
69 silly gunzTarPerm extractEntry LICENCE
70 silly gunzTarPerm extractEntry index.js
71 silly gunzTarPerm extractEntry lib/customerio.js
72 silly gunzTarPerm extractEntry lib/unix_date.js
73 silly lockFile 0f60821b-ris-npm-customerio-0-0-1-package tar:///Users/chris/.npm/customerio/0.0.1/package
74 silly lockFile 0f60821b-ris-npm-customerio-0-0-1-package tar:///Users/chris/.npm/customerio/0.0.1/package
75 silly lockFile 4da91fbe-npm-customerio-0-0-1-package-tgz tar:///Users/chris/.npm/customerio/0.0.1/package.tgz
76 silly lockFile 4da91fbe-npm-customerio-0-0-1-package-tgz tar:///Users/chris/.npm/customerio/0.0.1/package.tgz
77 verbose chmod /Users/chris/.npm/customerio/0.0.1/package.tgz 644
78 verbose chown /Users/chris/.npm/customerio/0.0.1/package.tgz [ 501, 20 ]
79 silly lockFile 3a52ce78- .
80 silly lockFile 3a52ce78- .
81 silly publish { name: 'customerio',
81 silly publish   version: '0.0.1',
81 silly publish   description: 'NodeJS wrapper around the Customer.io REST API. Promise-style',
81 silly publish   main: 'index.js',
81 silly publish   scripts: { test: 'echo "Error: no test specified" && exit 1' },
81 silly publish   repository: { type: 'git', url: 'git@github.com:sauce/customerio.git' },
81 silly publish   keywords: [ 'customer.io', 'nodejs' ],
81 silly publish   author: { name: 'Chris Houghton' },
81 silly publish   license: 'MIT',
81 silly publish   bugs: { url: 'https://github.com/sauce/customerio/issues' },
81 silly publish   homepage: 'https://github.com/sauce/customerio',
81 silly publish   dependencies: { lodash: '^2.4.1', needle: '^0.7.10', when: '^3.6.3' },
81 silly publish   readme: '#Customer.io Node Client\n\nClean and simple NodeJS wrapper for the Customer.io [REST API](http://customer.io/docs/api/rest.html). \nDesigned specifically to be as similar as possible to the main Customer.io [JavaScript client](http://customer.io/docs/javascript-quick-start.html).\n\n##Example\n\n```js\nvar customer = require(\'customerio\');\n\n// Configure the module to your account\ncustomer.init(\'your_site_id\', \'your_api_key\');\n\n// Identify a user \ncustomer.identify({\n  id: \'123\',\n  email: \'billy@jean.com\',\n  created_at: 1416774422\n});\n\n// Delete a user\ncustomer.delete(\'123\');\n\n// Track an event for a user\ncustomer.track(\'123\', \'bought ping pong paddle\', {\n  color: \'red\'\n});\n```\n\n***\n\n##Methods\n\n###customer.init(siteId, apiKey)\n\nSet up the the module to work with your account by inputting your `siteId` and `apiKey`.\n\n```js\ncustomer.init(\'your_site_id\', \'your_api_key\');\n```\n\n###customer.identify(properties)\n\nCreate/update a user in Customer.io, passing any properties. \n\nNote: JavaScript dates are automatically converted to UNIX to comply with Customer.io\'s standard of timestamp policy.\n\nReturns a [When-style](https://github.com/cujojs/when) promise.\n\n```js\ncustomer.identify({\n  id: "123",\n  email: "chris@test.com",\n  created_at: 1416774422, // can use JavaScript date here\n  steven: "smith"\n}).done(function (result) {\n  console.log("done");\n}, function (err) {\n  console.log("oh noes!", err);\n});\n```\n\n###customer.remove(customerId)\n\nRemoves a customer by id. \n\nReturns a [When-style](https://github.com/cujojs/when) promise.\n\n```js\ncustomer.remove("547243166e8e449111f866bb").done(function () {\n  console.log("done");\n}, function (err) {\n  console.log(err);\n});\n```\n\n###customer.track(customerId, eventName, properties)\n\nTrack an event for a given customer. `properties` are optional. \n\nNote: JavaScript dates are automatically converted to UNIX to comply with Customer.io\'s standard of timestamp policy.\n\nReturns a [When-style](https://github.com/cujojs/when) promise.\n\n```js\ncustomer.track("123", "installed an epic app").done(function () {\n  console.log("done");\n}, function (err) {\n  console.log("oh no", err);\n});\n```\n\n***\n\n##Licence\n\nReleased under the MIT license. See file called [LICENCE](LICENCE) for more details.',
81 silly publish   readmeFilename: 'README.md',
81 silly publish   _id: 'customerio@0.0.1',
81 silly publish   dist: { shasum: 'dd4896dce94ea7384d5098af44202ce9dcdd84a8' },
81 silly publish   _from: '.' }
82 verbose url raw customerio
83 verbose url resolving [ 'https://npm-proxy.fury.io/jgUMPUaehVv4ArbxrEY6/chrisjhoughton/',
83 verbose url resolving   './customerio' ]
84 verbose url resolved https://npm-proxy.fury.io/jgUMPUaehVv4ArbxrEY6/chrisjhoughton/customerio
85 info trying registry request attempt 1 at 00:07:23
86 http PUT https://npm-proxy.fury.io/jgUMPUaehVv4ArbxrEY6/chrisjhoughton/customerio
87 http 403 https://npm-proxy.fury.io/jgUMPUaehVv4ArbxrEY6/chrisjhoughton/customerio
88 error publish Failed PUT 403
89 error Error: forbidden user: chrishoughton not authorized to modify customerio
89 error Changed: description "A node api for customerio" -> "NodeJS wrapper around the Customer.io REST API. Promise-style"
89 error Changed: dist-tags.latest "0.1.2" -> "0.0.1"
89 error Added: versions.0.0.1
89 error Changed: readme "node-customerio\u000a=============\u000aA client for [Customer.io](http://customer.io)\u000a\u000aInstallation\u000a------\u000a\u000a`npm install --save customerio`\u000a\u000aUsage\u000a------\u000a\u000a```javascript\u000avar customerio = require('customerio')('CUSTOMERIO_KEY', 'CUSTOMERIO_SECRET')\u000acustomerio.identify({userId: 5, email: 'foo@example.com'}[, callback])\u000acustomerio.track({userId: 5, name: 'signup'}[, callback])\u000acustomerio.delete({userId: 5})\u000a```\u000a\u000aMethods\u000a----\u000a\u000a * identify\u000a * track\u000a * delete\u000a\u000aUsing Promises\u000a-----\u000a\u000aThis library's methods return Promises, so it can be nicely composed with your backend calls.\u000a\u000aFor example if using [bookshelf](http://github.com/tgriesser/bookshelf)\u000a\u000a```javascript\u000areturn User.forge({\u000a    email: req.body.email\u000a}).save().then(function(user) {\u000a    return customerio.identify({\u000a        userId: user.id,\u000a        email: user.get('email')\u000a    })\u000a})\u000a```\u000a\u000aReason\u000a----\u000a\u000aI tried [the official client](https://github.com/Bizzby/customer.io) however, it throws on any error.\u000aThis gets worse, as it will throw even if you don't pass it an options object or a callback" -> "#Customer.io Node Client\u000a\u000aClean and simple NodeJS wrapper for the Customer.io [REST API](http://customer.io/docs/api/rest.html). \u000aDesigned specifically to be as similar as possible to the main Customer.io [JavaScript client](http://customer.io/docs/javascript-quick-start.html).\u000a\u000a##Example\u000a\u000a```js\u000avar customer = require('customerio');\u000a\u000a// Configure the module to your account\u000acustomer.init('your_site_id', 'your_api_key');\u000a\u000a// Identify a user \u000acustomer.identify({\u000a  id: '123',\u000a  email: 'billy@jean.com',\u000a  created_at: 1416774422\u000a});\u000a\u000a// Delete a user\u000acustomer.delete('123');\u000a\u000a// Track an event for a user\u000acustomer.track('123', 'bought ping pong paddle', {\u000a  color: 'red'\u000a});\u000a```\u000a\u000a***\u000a\u000a##Methods\u000a\u000a###customer.init(siteId, apiKey)\u000a\u000aSet up the the module to work with your account by inputting your `siteId` and `apiKey`.\u000a\u000a```js\u000acustomer.init('your_site_id', 'your_api_key');\u000a```\u000a\u000a###customer.identify(properties)\u000a\u000aCreate/update a user in Customer.io, passing any properties. \u000a\u000aNote: JavaScript dates are automatically converted to UNIX to comply with Customer.io's standard of timestamp policy.\u000a\u000aReturns a [When-style](https://github.com/cujojs/when) promise.\u000a\u000a```js\u000acustomer.identify({\u000a  id: \"123\",\u000a  email: \"chris@test.com\",\u000a  created_at: 1416774422, // can use JavaScript date here\u000a  steven: \"smith\"\u000a}).done(function (result) {\u000a  console.log(\"done\");\u000a}, function (err) {\u000a  console.log(\"oh noes!\", err);\u000a});\u000a```\u000a\u000a###customer.remove(customerId)\u000a\u000aRemoves a customer by id. \u000a\u000aReturns a [When-style](https://github.com/cujojs/when) promise.\u000a\u000a```js\u000acustomer.remove(\"547243166e8e449111f866bb\").done(function () {\u000a  console.log(\"done\");\u000a}, function (err) {\u000a  console.log(err);\u000a});\u000a```\u000a\u000a###customer.track(customerId, eventName, properties)\u000a\u000aTrack an event for a given customer. `properties` are optional. \u000a\u000aNote: JavaScript dates are automatically converted to UNIX to comply with Customer.io's standard of timestamp policy.\u000a\u000aReturns a [When-style](https://github.com/cujojs/when) promise.\u000a\u000a```js\u000acustomer.track(\"123\", \"installed an epic app\").done(function () {\u000a  console.log(\"done\");\u000a}, function (err) {\u000a  console.log(\"oh no\", err);\u000a});\u000a```\u000a\u000a***\u000a\u000a##Licence\u000a\u000aReleased under the MIT license. See file called [LICENCE](LICENCE) for more details."
89 error Changed: time.modified "2014-09-12T07:18:42.071Z" -> "2014-11-27T00:08:14.656Z"
89 error Added: time.0.0.1
89 error Changed: homepage "https://github.com/jeduan/node-customerio" -> "https://github.com/sauce/customerio"
89 error Changed: keywords.0 "customerio" -> "customer.io"
89 error Changed: keywords.1 "analytics" -> "nodejs"
89 error Changed: repository.url "https://github.com/jeduan/node-customerio" -> "git@github.com:sauce/customerio.git"
89 error Changed: author.name "Jeduan Cornejo" -> "Chris Houghton"
89 error Deleted: author.email
89 error Deleted: author.url
89 error Changed: bugs.url "https://github.com/jeduan/node-customerio/issues" -> "https://github.com/sauce/customerio/issues"
89 error Added: _attachments: jgUMPUaehVv4ArbxrEY6/chrisjhoughton/customerio
89 error     at RegClient.<anonymous> (/usr/local/lib/node_modules/npm/node_modules/npm-registry-client/lib/request.js:237:14)
89 error     at Request.self.callback (/usr/local/lib/node_modules/npm/node_modules/request/request.js:123:22)
89 error     at Request.EventEmitter.emit (events.js:98:17)
89 error     at Request.<anonymous> (/usr/local/lib/node_modules/npm/node_modules/request/request.js:893:14)
89 error     at Request.EventEmitter.emit (events.js:117:20)
89 error     at IncomingMessage.<anonymous> (/usr/local/lib/node_modules/npm/node_modules/request/request.js:844:12)
89 error     at IncomingMessage.EventEmitter.emit (events.js:117:20)
89 error     at _stream_readable.js:920:16
89 error     at process._tickCallback (node.js:415:13)
90 error If you need help, you may report this *entire* log,
90 error including the npm and node versions, at:
90 error     <http://github.com/npm/npm/issues>
91 error System Darwin 14.0.0
92 error command "node" "/usr/local/bin/npm" "publish"
93 error cwd /Users/chris/Dropbox/Sauce/repos/customerio
94 error node -v v0.10.26
95 error npm -v 1.4.3
96 verbose exit [ 1, true ]
